Release 14.1 - xst P.15xf (nt)
Copyright (c) 1995-2012 Xilinx, Inc.  All rights reserved.
--> Parameter TMPDIR set to xst/projnav.tmp


Total REAL time to Xst completion: 0.00 secs
Total CPU time to Xst completion: 0.22 secs
 
--> Parameter xsthdpdir set to xst


Total REAL time to Xst completion: 0.00 secs
Total CPU time to Xst completion: 0.22 secs
 
--> Reading design: PressingMachine.prj

TABLE OF CONTENTS
  1) Synthesis Options Summary
  2) HDL Compilation
  3) Design Hierarchy Analysis
  4) HDL Analysis
  5) HDL Synthesis
     5.1) HDL Synthesis Report
  6) Advanced HDL Synthesis
     6.1) Advanced HDL Synthesis Report
  7) Low Level Synthesis
  8) Partition Report
  9) Final Report
	9.1) Device utilization summary
	9.2) Partition Resource Summary
	9.3) TIMING REPORT


=========================================================================
*                      Synthesis Options Summary                        *
=========================================================================
---- Source Parameters
Input File Name                    : "PressingMachine.prj"
Input Format                       : mixed
Ignore Synthesis Constraint File   : NO

---- Target Parameters
Output File Name                   : "PressingMachine"
Output Format                      : NGC
Target Device                      : xa3s100e-4-vqg100

---- Source Options
Top Module Name                    : PressingMachine
Automatic FSM Extraction           : YES
FSM Encoding Algorithm             : Auto
Safe Implementation                : No
FSM Style                          : LUT
RAM Extraction                     : Yes
RAM Style                          : Auto
ROM Extraction                     : Yes
Mux Style                          : Auto
Decoder Extraction                 : YES
Priority Encoder Extraction        : Yes
Shift Register Extraction          : YES
Logical Shifter Extraction         : YES
XOR Collapsing                     : YES
ROM Style                          : Auto
Mux Extraction                     : Yes
Resource Sharing                   : YES
Asynchronous To Synchronous        : NO
Multiplier Style                   : Auto
Automatic Register Balancing       : No

---- Target Options
Add IO Buffers                     : YES
Global Maximum Fanout              : 500
Add Generic Clock Buffer(BUFG)     : 24
Register Duplication               : YES
Slice Packing                      : YES
Optimize Instantiated Primitives   : NO
Use Clock Enable                   : Yes
Use Synchronous Set                : Yes
Use Synchronous Reset              : Yes
Pack IO Registers into IOBs        : Auto
Equivalent register Removal        : YES

---- General Options
Optimization Goal                  : Speed
Optimization Effort                : 1
Keep Hierarchy                     : No
Netlist Hierarchy                  : As_Optimized
RTL Output                         : Yes
Global Optimization                : AllClockNets
Read Cores                         : YES
Write Timing Constraints           : NO
Cross Clock Analysis               : NO
Hierarchy Separator                : /
Bus Delimiter                      : <>
Case Specifier                     : Maintain
Slice Utilization Ratio            : 100
BRAM Utilization Ratio             : 100
Verilog 2001                       : YES
Auto BRAM Packing                  : NO
Slice Utilization Ratio Delta      : 5

=========================================================================


=========================================================================
*                          HDL Compilation                              *
=========================================================================
Compiling vhdl file "C:/.Xilinx/Medical/PressingMachine/PressingMachine.vhd" in Library work.
Entity <pressingmachine> compiled.
Entity <PressingMachine> (Architecture <Behavioral>) compiled.

=========================================================================
*                     Design Hierarchy Analysis                         *
=========================================================================
Analyzing hierarchy for entity <PressingMachine> in library <work> (architecture <Behavioral>).


=========================================================================
*                            HDL Analysis                               *
=========================================================================
Analyzing Entity <PressingMachine> in library <work> (Architecture <Behavioral>).
Entity <PressingMachine> analyzed. Unit <PressingMachine> generated.


=========================================================================
*                           HDL Synthesis                               *
=========================================================================

Performing bidirectional port resolution...

Synthesizing Unit <PressingMachine>.
    Related source file is "C:/.Xilinx/Medical/PressingMachine/PressingMachine.vhd".
WARNING:Xst:647 - Input <lock> is never used. This port will be preserved and left unconnected if it belongs to a top-level block or it belongs to a sub-block and the hierarchy of this sub-block is preserved.
    Found finite state machine <FSM_0> for signal <p_s>.
    -----------------------------------------------------------------------
    | States             | 6                                              |
    | Transitions        | 13                                             |
    | Inputs             | 7                                              |
    | Outputs            | 6                                              |
    | Clock              | clock                     (rising_edge)        |
    | Reset              | reset                     (positive)           |
    | Reset type         | asynchronous                                   |
    | Reset State        | a                                              |
    | Power Up State     | a                                              |
    | Encoding           | automatic                                      |
    | Implementation     | LUT                                            |
    -----------------------------------------------------------------------
    Summary:
	inferred   1 Finite State Machine(s).
Unit <PressingMachine> synthesized.


=========================================================================
HDL Synthesis Report

Found no macro
=========================================================================

=========================================================================
*                       Advanced HDL Synthesis                          *
=========================================================================

Analyzing FSM <FSM_0> for best encoding.
Optimizing FSM <p_s/FSM> on signal <p_s[1:3]> with gray encoding.
-------------------
 State | Encoding
-------------------
 a     | 000
 b     | 001
 c     | 011
 d     | 010
 e     | 110
 f     | 111
-------------------

=========================================================================
Advanced HDL Synthesis Report

Macro Statistics
# FSMs                                                 : 1

=========================================================================

=========================================================================
*                         Low Level Synthesis                           *
=========================================================================

Optimizing unit <PressingMachine> ...

Mapping all equations...
Building and optimizing final netlist ...
Found area constraint ratio of 100 (+ 5) on block PressingMachine, actual ratio is 0.

Final Macro Processing ...

=========================================================================
Final Register Report

Macro Statistics
# Registers                                            : 3
 Flip-Flops                                            : 3

=========================================================================

=========================================================================
*                           Partition Report                            *
=========================================================================

Partition Implementation Status
-------------------------------

  No Partitions were found in this design.

-------------------------------

=========================================================================
*                            Final Report                               *
=========================================================================
Final Results
RTL Top Level Output File Name     : PressingMachine.ngr
Top Level Output File Name         : PressingMachine
Output Format                      : NGC
Optimization Goal                  : Speed
Keep Hierarchy                     : No

Design Statistics
# IOs                              : 16

Cell Usage :
# BELS                             : 16
#      LUT2                        : 6
#      LUT2_L                      : 1
#      LUT3                        : 3
#      LUT4                        : 4
#      LUT4_L                      : 1
#      MUXF5                       : 1
# FlipFlops/Latches                : 3
#      FDC                         : 3
# Clock Buffers                    : 1
#      BUFGP                       : 1
# IO Buffers                       : 14
#      IBUF                        : 8
#      OBUF                        : 6
=========================================================================

Device utilization summary:
---------------------------

Selected Device : xa3s100evqg100-4 

 Number of Slices:                        8  out of    960     0%  
 Number of Slice Flip Flops:              3  out of   1920     0%  
 Number of 4 input LUTs:                 15  out of   1920     0%  
 Number of IOs:                          16
 Number of bonded IOBs:                  15  out of     66    22%  
 Number of GCLKs:                         1  out of     24     4%  

---------------------------
Partition Resource Summary:
---------------------------

  No Partitions were found in this design.

---------------------------


=========================================================================
TIMING REPORT

NOTE: THESE TIMING NUMBERS ARE ONLY A SYNTHESIS ESTIMATE.
      FOR ACCURATE TIMING INFORMATION PLEASE REFER TO THE TRACE REPORT
      GENERATED AFTER PLACE-and-ROUTE.

Clock Information:
------------------
-----------------------------------+------------------------+-------+
Clock Signal                       | Clock buffer(FF name)  | Load  |
-----------------------------------+------------------------+-------+
clock                              | BUFGP                  | 3     |
-----------------------------------+------------------------+-------+

Asynchronous Control Signals Information:
----------------------------------------
-----------------------------------+------------------------+-------+
Control Signal                     | Buffer(FF name)        | Load  |
-----------------------------------+------------------------+-------+
reset                              | IBUF                   | 3     |
-----------------------------------+------------------------+-------+

Timing Summary:
---------------
Speed Grade: -4

   Minimum period: 3.692ns (Maximum Frequency: 270.856MHz)
   Minimum input arrival time before clock: 5.022ns
   Maximum output required time after clock: 6.044ns
   Maximum combinational path delay: No path found

Timing Detail:
--------------
All values displayed in nanoseconds (ns)

=========================================================================
Timing constraint: Default period analysis for Clock 'clock'
  Clock period: 3.692ns (frequency: 270.856MHz)
  Total number of paths / destination ports: 15 / 3
-------------------------------------------------------------------------
Delay:               3.692ns (Levels of Logic = 2)
  Source:            p_s_FSM_FFd2 (FF)
  Destination:       p_s_FSM_FFd3 (FF)
  Source Clock:      clock rising
  Destination Clock: clock rising

  Data Path: p_s_FSM_FFd2 to p_s_FSM_FFd3
                                Gate     Net
    Cell:in->out      fanout   Delay   Delay  Logical Name (Net Name)
    ----------------------------------------  ------------
     FDC:C->Q             10   0.591   0.961  p_s_FSM_FFd2 (p_s_FSM_FFd2)
     LUT3:I1->O            1   0.704   0.424  p_s_FSM_FFd3-In23 (p_s_FSM_FFd3-In23)
     LUT4:I3->O            1   0.704   0.000  p_s_FSM_FFd3-In66 (p_s_FSM_FFd3-In)
     FDC:D                     0.308          p_s_FSM_FFd3
    ----------------------------------------
    Total                      3.692ns (2.307ns logic, 1.385ns route)
                                       (62.5% logic, 37.5% route)

=========================================================================
Timing constraint: Default OFFSET IN BEFORE for Clock 'clock'
  Total number of paths / destination ports: 10 / 3
-------------------------------------------------------------------------
Offset:              5.022ns (Levels of Logic = 4)
  Source:            move (PAD)
  Destination:       p_s_FSM_FFd3 (FF)
  Destination Clock: clock rising

  Data Path: move to p_s_FSM_FFd3
                                Gate     Net
    Cell:in->out      fanout   Delay   Delay  Logical Name (Net Name)
    ----------------------------------------  ------------
     IBUF:I->O             3   1.218   0.610  move_IBUF (move_IBUF)
     LUT2:I1->O            1   0.704   0.595  p_s_FSM_FFd3-In3 (p_s_FSM_FFd3-In3)
     LUT4_L:I0->LO         1   0.704   0.179  p_s_FSM_FFd3-In13 (p_s_FSM_FFd3-In13)
     LUT4:I1->O            1   0.704   0.000  p_s_FSM_FFd3-In66 (p_s_FSM_FFd3-In)
     FDC:D                     0.308          p_s_FSM_FFd3
    ----------------------------------------
    Total                      5.022ns (3.638ns logic, 1.384ns route)
                                       (72.4% logic, 27.6% route)

=========================================================================
Timing constraint: Default OFFSET OUT AFTER for Clock 'clock'
  Total number of paths / destination ports: 14 / 6
-------------------------------------------------------------------------
Offset:              6.044ns (Levels of Logic = 2)
  Source:            p_s_FSM_FFd2 (FF)
  Destination:       check (PAD)
  Source Clock:      clock rising

  Data Path: p_s_FSM_FFd2 to check
                                Gate     Net
    Cell:in->out      fanout   Delay   Delay  Logical Name (Net Name)
    ----------------------------------------  ------------
     FDC:C->Q             10   0.591   1.057  p_s_FSM_FFd2 (p_s_FSM_FFd2)
     LUT2:I0->O            1   0.704   0.420  p_s_FSM_Out11 (check_OBUF)
     OBUF:I->O                 3.272          check_OBUF (check)
    ----------------------------------------
    Total                      6.044ns (4.567ns logic, 1.477ns route)
                                       (75.6% logic, 24.4% route)

=========================================================================


Total REAL time to Xst completion: 14.00 secs
Total CPU time to Xst completion: 14.26 secs
 
--> 

Total memory usage is 194476 kilobytes

Number of errors   :    0 (   0 filtered)
Number of warnings :    1 (   0 filtered)
Number of infos    :    0 (   0 filtered)

